<?xml version="1.0" encoding="utf-8"?>
<TestRun id="d8668a0a-5db1-425e-b932-7cdd313a9724" name="Usuario@LAPTOP-HR7H3SUM 2025-11-15 15:53:33" runUser="LAPTOP-HR7H3SUM\Usuario" xmlns="http://microsoft.com/schemas/VisualStudio/TeamTest/2010">
  <Times creation="2025-11-15T15:53:33.2650084-05:00" queuing="2025-11-15T15:53:33.2650088-05:00" start="2025-11-15T15:53:32.7941260-05:00" finish="2025-11-15T15:53:33.2656398-05:00" />
  <TestSettings name="default" id="6a28a92d-d2ae-4f0c-9e05-2bc7fd319c98">
    <Deployment runDeploymentRoot="Usuario_LAPTOP-HR7H3SUM_2025-11-15_15_53_33" />
  </TestSettings>
  <TestLists>
    <TestList name="Resultados sin formato de lista" id="8c84fa94-04c1-424b-9868-57a2d4851a1d" />
    <TestList name="Todos los resultados cargados" id="19431567-8539-422a-85d7-44ee4e166bda" />
  </TestLists>
  <ResultSummary outcome="Failed">
    <Counters total="0" executed="0" passed="0" failed="0" error="0" timeout="0" aborted="0" inconclusive="0" passedButRunAborted="0" notRunnable="0" notExecuted="0" disconnected="0" warning="0" completed="0" inProgress="0" pending="0" />
    <Output>
      <StdOut>Error:&#xD;
  An assembly specified in the application dependencies manifest (PuntoVenta.Tests.deps.json) was not found:&#xD;
    package: 'AutoMapper', version: '12.0.1'&#xD;
    path: 'lib/netstandard2.1/AutoMapper.dll'&#xD;
</StdOut>
    </Output>
    <RunInfos>
      <RunInfo computerName="LAPTOP-HR7H3SUM" outcome="Error" timestamp="2025-11-15T15:53:33.1295761-05:00">
        <Text>El proceso del host de prueba para fuentes "C:\Users\Usuario\Desktop\Proyectos WEB\ProyectoWEB\PuntoVenta.Tests\bin\Debug\net8.0\PuntoVenta.Tests.dll" finalizó con el siguiente error: Error:&#xD;
  An assembly specified in the application dependencies manifest (PuntoVenta.Tests.deps.json) was not found:&#xD;
    package: 'AutoMapper', version: '12.0.1'&#xD;
    path: 'lib/netstandard2.1/AutoMapper.dll'&#xD;
. Consulte los registros de diagnóstico para obtener más información.</Text>
      </RunInfo>
    </RunInfos>
  </ResultSummary>
</TestRun>